<?xml version="1.0" encoding="UTF-8"?>
<!-- Generated by org.testng.reporters.JUnitXMLReporter -->
<testsuite ignored="0" hostname="LAPTOP-FKE7NNGM" failures="0" tests="6" name="Test" time="0.163" errors="0" timestamp="2024-08-28T16:16:43 IST">
  <testcase classname="DistributedParallel.Test1" name="demo1" time="0.023"/>
  <testcase classname="DistributedParallel.Test1" name="demo2" time="0.004"/>
  <testcase classname="DistributedParallel.Test3" name="demo1" time="0.002"/>
  <testcase classname="DistributedParallel.Test3" name="demo2" time="0.003"/>
  <testcase classname="DistributedParallel.Test2" name="demo1" time="0.004"/>
  <testcase classname="DistributedParallel.Test2" name="demo2" time="0.008"/>
</testsuite> <!-- Test -->
